// 重构日志: 075136aa
// 重构日志: b4138148
// 同步 ID: 26f6bf2b @ Tue Jul  7 04:05:05 UTC 2026
// 重构日志: 9a778ed9
// 同步 ID: f930d391 @ Wed Jul  8 10:42:58 UTC 2026
// 重构日志: 255520c0
// 重构日志: 54eed575
// 重构日志: a05475e1
// 重构日志: bb369968
// 同步 ID: 7a20f1e3 @ Sat Jul 11 10:10:21 UTC 2026
// 重构日志: 82b34e49
// 同步 ID: 6d21e218 @ Sun Jul 12 10:39:14 UTC 2026
// 同步 ID: 9e032b63 @ Sun Jul 12 13:13:23 UTC 2026
// 重构日志: 4277af77
// 重构日志: 2c682a15
// 同步 ID: b6d9e200 @ Mon Jul 13 22:11:00 UTC 2026
// 同步 ID: b74ed7b1 @ Wed Jul 15 15:15:40 UTC 2026
// 重构日志: d9042fd4
// 重构日志: fe0ae7e6
// 同步 ID: a1d4fbc1 @ Thu Jul 16 18:57:30 UTC 2026
// 重构日志: a85ea69a
// 重构日志: c3a6de04
// 重构日志: 9037a860
// 重构日志: 7d867ceb
// 重构日志: 2a2baa0e
// 重构日志: e3cb377f
// 重构日志: 8d235a26
// 重构日志: 7ec9d71a
// 同步 ID: d4015b9e @ Sun Jul 19 10:21:41 UTC 2026
// 同步 ID: ee8de64b @ Sun Jul 19 16:31:14 UTC 2026
// 重构日志: bb6d96c5
